Content-Type: text/plain; charset="utf-8"
MIME-Version: 1.0
Content-Transfer-Encoding: 7bit
Subject: 
From: webmaster@localhost
To: kelg8086@gmail.com
Date: Thu, 16 May 2024 21:04:04 -0000
Message-ID: <171589344491.1308.204429265374508020@Kels-Elitebook>

<!DOCTYPE html>
<html lang="en">
<head>
    <meta charset="UTF-8">
    <title>Password Reset</title>
</head>
<body>
    <p>Click the following link to reset your password:</p>
    <p><a href="http://localhost:8000/accounts/reset/ZGIyMWZlMWQtMjNmMi00ZWI5LTlmOTQtYzEwNmFmN2I1MDhl/c7516s-aee4b8e17e6f5d2ad9a9084f81dc9c13/">Reset Password</a></p>
    <p>If you didn't request a password reset, please ignore this email.</p>
</body>
</html>
-------------------------------------------------------------------------------
